<?xml version="1.0" encoding="UTF-8"?>
<!-- Generated by org.testng.reporters.JUnitReportReporter -->
<testsuite hostname="DESKTOP-17IPFF2" failures="0" tests="142" name="SwedBank.restApiTest" time="2094.750" errors="0" timestamp="2020-07-13T14:02:07 CDT" skipped="0">
  <testcase classname="SwedBank.restApiTest" name="getIndecativeRateCcyPairList" time="9.412"/>
  <testcase classname="SwedBank.restApiTest" name="validateIndicativeCcyPairResponse" time="0.005"/>
  <testcase classname="SwedBank.restApiTest" name="getIndividualExchangeRateForGivenCCY" time="15.912"/>
  <testcase classname="SwedBank.restApiTest" name="getIndividualExchangeRateForGivenCCY" time="16.066"/>
  <testcase classname="SwedBank.restApiTest" name="getIndividualExchangeRateForGivenCCY" time="15.949"/>
  <testcase classname="SwedBank.restApiTest" name="getIndividualExchangeRateForGivenCCY" time="15.969"/>
  <testcase classname="SwedBank.restApiTest" name="getIndividualExchangeRateForGivenCCY" time="15.944"/>
  <testcase classname="SwedBank.restApiTest" name="getIndividualExchangeRateForGivenCCY" time="15.997"/>
  <testcase classname="SwedBank.restApiTest" name="getIndividualExchangeRateForGivenCCY" time="15.919"/>
  <testcase classname="SwedBank.restApiTest" name="getIndividualExchangeRateForGivenCCY" time="15.957"/>
  <testcase classname="SwedBank.restApiTest" name="getIndividualExchangeRateForGivenCCY" time="15.947"/>
  <testcase classname="SwedBank.restApiTest" name="getIndividualExchangeRateForGivenCCY" time="15.983"/>
  <testcase classname="SwedBank.restApiTest" name="getIndividualExchangeRateForGivenCCY" time="16.053"/>
  <testcase classname="SwedBank.restApiTest" name="getIndividualExchangeRateForGivenCCY" time="15.920"/>
  <testcase classname="SwedBank.restApiTest" name="getIndividualExchangeRateForGivenCCY" time="15.967"/>
  <testcase classname="SwedBank.restApiTest" name="getIndividualExchangeRateForGivenCCY" time="17.963"/>
  <testcase classname="SwedBank.restApiTest" name="getIndividualExchangeRateForGivenCCY" time="15.960"/>
  <testcase classname="SwedBank.restApiTest" name="getIndividualExchangeRateForGivenCCY" time="15.904"/>
  <testcase classname="SwedBank.restApiTest" name="getIndividualExchangeRateForGivenCCY" time="15.915"/>
  <testcase classname="SwedBank.restApiTest" name="getIndividualExchangeRateForGivenCCY" time="15.947"/>
  <testcase classname="SwedBank.restApiTest" name="getIndividualExchangeRateForGivenCCY" time="16.064"/>
  <testcase classname="SwedBank.restApiTest" name="getIndividualExchangeRateForGivenCCY" time="15.944"/>
  <testcase classname="SwedBank.restApiTest" name="getIndividualExchangeRateForGivenCCY" time="16.050"/>
  <testcase classname="SwedBank.restApiTest" name="getIndividualExchangeRateForGivenCCY" time="15.926"/>
  <testcase classname="SwedBank.restApiTest" name="getIndividualExchangeRateForGivenCCY" time="15.986"/>
  <testcase classname="SwedBank.restApiTest" name="getIndividualExchangeRateForGivenCCY" time="15.966"/>
  <testcase classname="SwedBank.restApiTest" name="getIndividualExchangeRateForGivenCCY" time="16.239"/>
  <testcase classname="SwedBank.restApiTest" name="getIndividualExchangeRateForGivenCCY" time="16.233"/>
  <testcase classname="SwedBank.restApiTest" name="getIndividualExchangeRateForGivenCCY" time="15.906"/>
  <testcase classname="SwedBank.restApiTest" name="getIndividualExchangeRateForGivenCCY" time="15.935"/>
  <testcase classname="SwedBank.restApiTest" name="getIndividualExchangeRateForGivenCCY" time="15.982"/>
  <testcase classname="SwedBank.restApiTest" name="getIndividualExchangeRateForGivenCCY" time="15.917"/>
  <testcase classname="SwedBank.restApiTest" name="getIndividualExchangeRateForGivenCCY" time="15.933"/>
  <testcase classname="SwedBank.restApiTest" name="getIndividualExchangeRateForGivenCCY" time="15.923"/>
  <testcase classname="SwedBank.restApiTest" name="getIndividualExchangeRateForGivenCCY" time="15.979"/>
  <testcase classname="SwedBank.restApiTest" name="getIndividualExchangeRateForGivenCCY" time="16.291"/>
  <testcase classname="SwedBank.restApiTest" name="getIndividualExchangeRateForGivenCCY" time="15.983"/>
  <testcase classname="SwedBank.restApiTest" name="getIndividualExchangeRateForGivenCCY" time="16.016"/>
  <testcase classname="SwedBank.restApiTest" name="getIndividualExchangeRateForGivenCCY" time="15.931"/>
  <testcase classname="SwedBank.restApiTest" name="getIndividualExchangeRateForGivenCCY" time="16.227"/>
  <testcase classname="SwedBank.restApiTest" name="getIndividualExchangeRateForGivenCCY" time="15.890"/>
  <testcase classname="SwedBank.restApiTest" name="getIndividualExchangeRateForGivenCCY" time="15.928"/>
  <testcase classname="SwedBank.restApiTest" name="getIndividualExchangeRateForGivenCCY" time="15.900"/>
  <testcase classname="SwedBank.restApiTest" name="getIndividualExchangeRateForGivenCCY" time="15.963"/>
  <testcase classname="SwedBank.restApiTest" name="getIndividualExchangeRateForGivenCCY" time="15.969"/>
  <testcase classname="SwedBank.restApiTest" name="getIndividualExchangeRateForGivenCCY" time="15.931"/>
  <testcase classname="SwedBank.restApiTest" name="getIndividualExchangeRateForGivenCCY" time="15.918"/>
  <testcase classname="SwedBank.restApiTest" name="getIndividualExchangeRateForGivenCCY" time="15.949"/>
  <testcase classname="SwedBank.restApiTest" name="getIndividualExchangeRateForGivenCCY" time="16.011"/>
  <testcase classname="SwedBank.restApiTest" name="getIndividualExchangeRateForGivenCCY" time="16.581"/>
  <testcase classname="SwedBank.restApiTest" name="getIndividualExchangeRateForGivenCCY" time="15.947"/>
  <testcase classname="SwedBank.restApiTest" name="getIndividualExchangeRateForGivenCCY" time="16.181"/>
  <testcase classname="SwedBank.restApiTest" name="getIndividualExchangeRateForGivenCCY" time="16.367"/>
  <testcase classname="SwedBank.restApiTest" name="getIndividualExchangeRateForGivenCCY" time="15.909"/>
  <testcase classname="SwedBank.restApiTest" name="getIndividualExchangeRateForGivenCCY" time="16.270"/>
  <testcase classname="SwedBank.restApiTest" name="getIndividualExchangeRateForGivenCCY" time="15.899"/>
  <testcase classname="SwedBank.restApiTest" name="getIndividualExchangeRateForGivenCCY" time="15.936"/>
  <testcase classname="SwedBank.restApiTest" name="getIndividualExchangeRateForGivenCCY" time="15.894"/>
  <testcase classname="SwedBank.restApiTest" name="getIndividualExchangeRateForGivenCCY" time="16.328"/>
  <testcase classname="SwedBank.restApiTest" name="getIndividualExchangeRateForGivenCCY" time="16.198"/>
  <testcase classname="SwedBank.restApiTest" name="getIndividualExchangeRateForGivenCCY" time="15.945"/>
  <testcase classname="SwedBank.restApiTest" name="getIndividualExchangeRateForGivenCCY" time="16.756"/>
  <testcase classname="SwedBank.restApiTest" name="getIndividualExchangeRateForGivenCCY" time="15.937"/>
  <testcase classname="SwedBank.restApiTest" name="getIndividualExchangeRateForGivenCCY" time="15.893"/>
  <testcase classname="SwedBank.restApiTest" name="getIndividualExchangeRateForGivenCCY" time="16.078"/>
  <testcase classname="SwedBank.restApiTest" name="getIndividualExchangeRateForGivenCCY" time="15.923"/>
  <testcase classname="SwedBank.restApiTest" name="getIndividualExchangeRateForGivenCCY" time="15.970"/>
  <testcase classname="SwedBank.restApiTest" name="getIndividualExchangeRateForGivenCCY" time="15.948"/>
  <testcase classname="SwedBank.restApiTest" name="getIndividualExchangeRateForGivenCCY" time="15.959"/>
  <testcase classname="SwedBank.restApiTest" name="getIndividualExchangeRateForGivenCCY" time="15.943"/>
  <testcase classname="SwedBank.restApiTest" name="getIndividualExchangeRateForGivenCCY" time="15.979"/>
  <testcase classname="SwedBank.restApiTest" name="getIndividualExchangeRateForGivenCCY" time="16.047"/>
  <testcase classname="SwedBank.restApiTest" name="getIndividualExchangeRateForGivenCCY" time="15.971"/>
  <testcase classname="SwedBank.restApiTest" name="getIndividualExchangeRateForGivenCCY" time="16.194"/>
  <testcase classname="SwedBank.restApiTest" name="getIndividualExchangeRateForGivenCCY" time="15.963"/>
  <testcase classname="SwedBank.restApiTest" name="getIndividualExchangeRateForGivenCCY" time="16.215"/>
  <testcase classname="SwedBank.restApiTest" name="getIndividualExchangeRateForGivenCCY" time="16.084"/>
  <testcase classname="SwedBank.restApiTest" name="getIndividualExchangeRateForGivenCCY" time="15.902"/>
  <testcase classname="SwedBank.restApiTest" name="getIndividualExchangeRateForGivenCCY" time="16.017"/>
  <testcase classname="SwedBank.restApiTest" name="getIndividualExchangeRateForGivenCCY" time="17.275"/>
  <testcase classname="SwedBank.restApiTest" name="getIndividualExchangeRateForGivenCCY" time="15.916"/>
  <testcase classname="SwedBank.restApiTest" name="getIndividualExchangeRateForGivenCCY" time="15.899"/>
  <testcase classname="SwedBank.restApiTest" name="getIndividualExchangeRateForGivenCCY" time="15.957"/>
  <testcase classname="SwedBank.restApiTest" name="getIndividualExchangeRateForGivenCCY" time="16.226"/>
  <testcase classname="SwedBank.restApiTest" name="getIndividualExchangeRateForGivenCCY" time="15.925"/>
  <testcase classname="SwedBank.restApiTest" name="getIndividualExchangeRateForGivenCCY" time="16.034"/>
  <testcase classname="SwedBank.restApiTest" name="getIndividualExchangeRateForGivenCCY" time="15.961"/>
  <testcase classname="SwedBank.restApiTest" name="getIndividualExchangeRateForGivenCCY" time="15.931"/>
  <testcase classname="SwedBank.restApiTest" name="getIndividualExchangeRateForGivenCCY" time="15.896"/>
  <testcase classname="SwedBank.restApiTest" name="getIndividualExchangeRateForGivenCCY" time="16.209"/>
  <testcase classname="SwedBank.restApiTest" name="getIndividualExchangeRateForGivenCCY" time="15.963"/>
  <testcase classname="SwedBank.restApiTest" name="getIndividualExchangeRateForGivenCCY" time="15.935"/>
  <testcase classname="SwedBank.restApiTest" name="getIndividualExchangeRateForGivenCCY" time="15.921"/>
  <testcase classname="SwedBank.restApiTest" name="getIndividualExchangeRateForGivenCCY" time="16.167"/>
  <testcase classname="SwedBank.restApiTest" name="getIndividualExchangeRateForGivenCCY" time="16.256"/>
  <testcase classname="SwedBank.restApiTest" name="getIndividualExchangeRateForGivenCCY" time="15.989"/>
  <testcase classname="SwedBank.restApiTest" name="getIndividualExchangeRateForGivenCCY" time="15.926"/>
  <testcase classname="SwedBank.restApiTest" name="getIndividualExchangeRateForGivenCCY" time="16.033"/>
  <testcase classname="SwedBank.restApiTest" name="getIndividualExchangeRateForGivenCCY" time="15.890"/>
  <testcase classname="SwedBank.restApiTest" name="getIndividualExchangeRateForGivenCCY" time="15.952"/>
  <testcase classname="SwedBank.restApiTest" name="getIndividualExchangeRateForGivenCCY" time="15.911"/>
  <testcase classname="SwedBank.restApiTest" name="getIndividualExchangeRateForGivenCCY" time="15.957"/>
  <testcase classname="SwedBank.restApiTest" name="getIndividualExchangeRateForGivenCCY" time="16.231"/>
  <testcase classname="SwedBank.restApiTest" name="getIndividualExchangeRateForGivenCCY" time="16.212"/>
  <testcase classname="SwedBank.restApiTest" name="getIndividualExchangeRateForGivenCCY" time="15.913"/>
  <testcase classname="SwedBank.restApiTest" name="getIndividualExchangeRateForGivenCCY" time="16.212"/>
  <testcase classname="SwedBank.restApiTest" name="getIndividualExchangeRateForGivenCCY" time="15.903"/>
  <testcase classname="SwedBank.restApiTest" name="getIndividualExchangeRateForGivenCCY" time="17.285"/>
  <testcase classname="SwedBank.restApiTest" name="getIndividualExchangeRateForGivenCCY" time="15.920"/>
  <testcase classname="SwedBank.restApiTest" name="getIndividualExchangeRateForGivenCCY" time="15.943"/>
  <testcase classname="SwedBank.restApiTest" name="getIndividualExchangeRateForGivenCCY" time="15.997"/>
  <testcase classname="SwedBank.restApiTest" name="getIndividualExchangeRateForGivenCCY" time="16.057"/>
  <testcase classname="SwedBank.restApiTest" name="getIndividualExchangeRateForGivenCCY" time="16.211"/>
  <testcase classname="SwedBank.restApiTest" name="getIndividualExchangeRateForGivenCCY" time="15.940"/>
  <testcase classname="SwedBank.restApiTest" name="getIndividualExchangeRateForGivenCCY" time="15.923"/>
  <testcase classname="SwedBank.restApiTest" name="getIndividualExchangeRateForGivenCCY" time="15.886"/>
  <testcase classname="SwedBank.restApiTest" name="getIndividualExchangeRateForGivenCCY" time="15.906"/>
  <testcase classname="SwedBank.restApiTest" name="getIndividualExchangeRateForGivenCCY" time="15.931"/>
  <testcase classname="SwedBank.restApiTest" name="getIndividualExchangeRateForGivenCCY" time="15.875"/>
  <testcase classname="SwedBank.restApiTest" name="getIndividualExchangeRateForGivenCCY" time="15.891"/>
  <testcase classname="SwedBank.restApiTest" name="getIndividualExchangeRateForGivenCCY" time="15.990"/>
  <testcase classname="SwedBank.restApiTest" name="getIndividualExchangeRateForGivenCCY" time="16.231"/>
  <testcase classname="SwedBank.restApiTest" name="getIndividualExchangeRateForGivenCCY" time="15.943"/>
  <testcase classname="SwedBank.restApiTest" name="getIndividualExchangeRateForGivenCCY" time="16.013"/>
  <testcase classname="SwedBank.restApiTest" name="getIndividualExchangeRateForGivenCCY" time="15.968"/>
  <testcase classname="SwedBank.restApiTest" name="getIndividualExchangeRateForGivenCCY" time="16.260"/>
  <testcase classname="SwedBank.restApiTest" name="getIndividualExchangeRateForGivenCCY" time="15.898"/>
  <testcase classname="SwedBank.restApiTest" name="getIndividualExchangeRateForGivenCCY" time="15.937"/>
  <testcase classname="SwedBank.restApiTest" name="getIndividualExchangeRateForGivenCCY" time="15.909"/>
  <testcase classname="SwedBank.restApiTest" name="getIndividualExchangeRateForGivenCCY" time="15.972"/>
  <testcase classname="SwedBank.restApiTest" name="getIndividualExchangeRateForGivenCCY" time="16.265"/>
  <testcase classname="SwedBank.restApiTest" name="writeToExcelRate" time="6.360"/>
  <testcase classname="SwedBank.restApiTest" name="marketOrdersTest" time="0.897"/>
  <testcase classname="SwedBank.restApiTest" name="marketOrdersTest" time="0.823"/>
  <testcase classname="SwedBank.restApiTest" name="marketOrdersTest" time="0.918"/>
  <testcase classname="SwedBank.restApiTest" name="marketOrdersTest" time="0.828"/>
  <testcase classname="SwedBank.restApiTest" name="marketOrdersTest" time="1.120"/>
  <testcase classname="SwedBank.restApiTest" name="marketOrdersTest" time="0.839"/>
  <testcase classname="SwedBank.restApiTest" name="marketOrdersTest" time="0.849"/>
  <testcase classname="SwedBank.restApiTest" name="marketOrdersTest" time="0.815"/>
  <testcase classname="SwedBank.restApiTest" name="marketOrdersTest" time="0.808"/>
  <testcase classname="SwedBank.restApiTest" name="marketOrdersTest" time="0.929"/>
</testsuite> <!-- SwedBank.restApiTest -->
