<?xml version="1.0" encoding="UTF-8"?>
<!-- Generated by org.testng.reporters.JUnitReportReporter -->
<testsuite hostname="DESKTOP-17IPFF2" failures="0" tests="5" name="SwedBank.restApiTest" time="4.206" errors="0" timestamp="2020-07-10T21:00:29 CDT" skipped="2">
  <testcase classname="SwedBank.restApiTest" name="getIndecativeRateCcyPairList" time="3.133"/>
  <testcase classname="SwedBank.restApiTest" name="validateIndicativeCcyPairResponse" time="0.005"/>
  <testcase classname="SwedBank.restApiTest" name="marketOrdersTest" time="1.068"/>
  <testcase classname="SwedBank.restApiTest" name="writeToExcelRate">
    <skipped/>
  </testcase> <!-- writeToExcelRate -->
  <testcase classname="SwedBank.restApiTest" name="getIndividualExchangeRateForGivenCCY">
    <skipped/>
  </testcase> <!-- getIndividualExchangeRateForGivenCCY -->
</testsuite> <!-- SwedBank.restApiTest -->
