<?xml version="1.0" encoding="UTF-8"?>
<!-- Generated by org.testng.reporters.JUnitReportReporter -->
<testsuite hostname="DESKTOP-17IPFF2" failures="0" tests="1" name="test.openBankAPITest" time="3.153" errors="0" timestamp="2020-07-09T09:58:28 CDT" skipped="0">
  <testcase classname="test.openBankAPITest" name="getTokenFromOpenBankAPI" time="3.153"/>
</testsuite> <!-- test.openBankAPITest -->
